# JRE version: Java(TM) SE Runtime Environment (8.0_131-b11) (build 1.8.0_131-b11)
# Java VM: Java HotSpot(TM) 64-Bit Server VM (25.131-b11 mixed mode windows-amd64 compressed oops)
Heap:
 PSYoungGen      total 864768K, used 60742K [0x000000076ae00000, 0x00000007a9380000, 0x00000007c0000000)
  eden space 794112K, 7% used [0x000000076ae00000,0x000000076e951970,0x000000079b580000)
  from space 70656K, 0% used [0x000000079fa00000,0x000000079fa00000,0x00000007a3f00000)
  to   space 70144K, 0% used [0x000000079b580000,0x000000079b580000,0x000000079fa00000)
 ParOldGen       total 218624K, used 63567K [0x00000006c0a00000, 0x00000006cdf80000, 0x000000076ae00000)
  object space 218624K, 29% used [0x00000006c0a00000,0x00000006c4813e48,0x00000006cdf80000)
 Metaspace       used 97205K, capacity 105602K, committed 105932K, reserved 1140736K
  class space    used 12526K, capacity 14956K, committed 15092K, reserved 1048576K
GC Heap History (10 events):
Event: 7.531 GC heap before
{Heap before GC invocations=12 (full 2):
 PSYoungGen      total 563712K, used 215081K [0x000000076ae00000, 0x000000079f980000, 0x00000007c0000000)
  eden space 510976K, 42% used [0x000000076ae00000,0x000000077800a770,0x000000078a100000)
  from space 52736K, 0% used [0x000000078a100000,0x000000078a100000,0x000000078d480000)
  to   space 51200K, 0% used [0x000000079c780000,0x000000079c780000,0x000000079f980000)
 ParOldGen       total 155136K, used 25532K [0x00000006c0a00000, 0x00000006ca180000, 0x000000076ae00000)
  object space 155136K, 16% used [0x00000006c0a00000,0x00000006c22ef320,0x00000006ca180000)
 Metaspace       used 53970K, capacity 58966K, committed 59028K, reserved 1099776K
  class space    used 6859K, capacity 8353K, committed 8380K, reserved 1048576K
Event: 7.547 GC heap after
Heap after GC invocations=12 (full 2):
 PSYoungGen      total 711680K, used 28162K [0x000000076ae00000, 0x000000079e380000, 0x00000007c0000000)
  eden space 683008K, 0% used [0x000000076ae00000,0x000000076ae00000,0x0000000794900000)
  from space 28672K, 98% used [0x000000079c780000,0x000000079e3008a0,0x000000079e380000)
  to   space 49664K, 0% used [0x0000000798280000,0x0000000798280000,0x000000079b300000)
 ParOldGen       total 155136K, used 25604K [0x00000006c0a00000, 0x00000006ca180000, 0x000000076ae00000)
  object space 155136K, 16% used [0x00000006c0a00000,0x00000006c2301330,0x00000006ca180000)
 Metaspace       used 53970K, capacity 58966K, committed 59028K, reserved 1099776K
  class space    used 6859K, capacity 8353K, committed 8380K, reserved 1048576K
}
Event: 7.547 GC heap before
{Heap before GC invocations=13 (full 3):
 PSYoungGen      total 711680K, used 28162K [0x000000076ae00000, 0x000000079e380000, 0x00000007c0000000)
  eden space 683008K, 0% used [0x000000076ae00000,0x000000076ae00000,0x0000000794900000)
  from space 28672K, 98% used [0x000000079c780000,0x000000079e3008a0,0x000000079e380000)
  to   space 49664K, 0% used [0x0000000798280000,0x0000000798280000,0x000000079b300000)
 ParOldGen       total 155136K, used 25604K [0x00000006c0a00000, 0x00000006ca180000, 0x000000076ae00000)
  object space 155136K, 16% used [0x00000006c0a00000,0x00000006c2301330,0x00000006ca180000)
 Metaspace       used 53970K, capacity 58966K, committed 59028K, reserved 1099776K
  class space    used 6859K, capacity 8353K, committed 8380K, reserved 1048576K
Event: 7.692 GC heap after
Heap after GC invocations=13 (full 3):
 PSYoungGen      total 711680K, used 0K [0x000000076ae00000, 0x000000079e380000, 0x00000007c0000000)
  eden space 683008K, 0% used [0x000000076ae00000,0x000000076ae00000,0x0000000794900000)
  from space 28672K, 0% used [0x000000079c780000,0x000000079c780000,0x000000079e380000)
  to   space 49664K, 0% used [0x0000000798280000,0x0000000798280000,0x000000079b300000)
 ParOldGen       total 218624K, used 44283K [0x00000006c0a00000, 0x00000006cdf80000, 0x000000076ae00000)
  object space 218624K, 20% used [0x00000006c0a00000,0x00000006c353ecd0,0x00000006cdf80000)
 Metaspace       used 53965K, capacity 58954K, committed 59028K, reserved 1099776K
  class space    used 6858K, capacity 8351K, committed 8380K, reserved 1048576K
}
Event: 14.725 GC heap before
{Heap before GC invocations=14 (full 3):
 PSYoungGen      total 711680K, used 683008K [0x000000076ae00000, 0x000000079e380000, 0x00000007c0000000)
  eden space 683008K, 100% used [0x000000076ae00000,0x0000000794900000,0x0000000794900000)
  from space 28672K, 0% used [0x000000079c780000,0x000000079c780000,0x000000079e380000)
  to   space 49664K, 0% used [0x0000000798280000,0x0000000798280000,0x000000079b300000)
 ParOldGen       total 218624K, used 44283K [0x00000006c0a00000, 0x00000006cdf80000, 0x000000076ae00000)
  object space 218624K, 20% used [0x00000006c0a00000,0x00000006c353ecd0,0x00000006cdf80000)
 Metaspace       used 82501K, capacity 90078K, committed 90132K, reserved 1126400K
  class space    used 10593K, capacity 12599K, committed 12604K, reserved 1048576K
Event: 14.782 GC heap after
Heap after GC invocations=14 (full 3):
 PSYoungGen      total 791552K, used 49634K [0x000000076ae00000, 0x00000007a3f00000, 0x00000007c0000000)
  eden space 741888K, 0% used [0x000000076ae00000,0x000000076ae00000,0x0000000798280000)
  from space 49664K, 99% used [0x0000000798280000,0x000000079b2f8968,0x000000079b300000)
  to   space 70656K, 0% used [0x000000079fa00000,0x000000079fa00000,0x00000007a3f00000)
 ParOldGen       total 218624K, used 82749K [0x00000006c0a00000, 0x00000006cdf80000, 0x000000076ae00000)
  object space 218624K, 37% used [0x00000006c0a00000,0x00000006c5acf7b8,0x00000006cdf80000)
 Metaspace       used 82501K, capacity 90078K, committed 90132K, reserved 1126400K
  class space    used 10593K, capacity 12599K, committed 12604K, reserved 1048576K
}
Event: 15.370 GC heap before
{Heap before GC invocations=15 (full 3):
 PSYoungGen      total 791552K, used 108104K [0x000000076ae00000, 0x00000007a3f00000, 0x00000007c0000000)
  eden space 741888K, 7% used [0x000000076ae00000,0x000000076e7197f0,0x0000000798280000)
  from space 49664K, 99% used [0x0000000798280000,0x000000079b2f8968,0x000000079b300000)
  to   space 70656K, 0% used [0x000000079fa00000,0x000000079fa00000,0x00000007a3f00000)
 ParOldGen       total 218624K, used 82749K [0x00000006c0a00000, 0x00000006cdf80000, 0x000000076ae00000)
  object space 218624K, 37% used [0x00000006c0a00000,0x00000006c5acf7b8,0x00000006cdf80000)
 Metaspace       used 90399K, capacity 98192K, committed 98380K, reserved 1134592K
  class space    used 11663K, capacity 13911K, committed 13940K, reserved 1048576K
Event: 15.396 GC heap after
Heap after GC invocations=15 (full 3):
 PSYoungGen      total 864768K, used 10231K [0x000000076ae00000, 0x00000007a9380000, 0x00000007c0000000)
  eden space 794112K, 0% used [0x000000076ae00000,0x000000076ae00000,0x000000079b580000)
  from space 70656K, 14% used [0x000000079fa00000,0x00000007a03fde88,0x00000007a3f00000)
  to   space 70144K, 0% used [0x000000079b580000,0x000000079b580000,0x000000079fa00000)
 ParOldGen       total 218624K, used 110848K [0x00000006c0a00000, 0x00000006cdf80000, 0x000000076ae00000)
  object space 218624K, 50% used [0x00000006c0a00000,0x00000006c7640188,0x00000006cdf80000)
 Metaspace       used 90399K, capacity 98192K, committed 98380K, reserved 1134592K
  class space    used 11663K, capacity 13911K, committed 13940K, reserved 1048576K
}
Event: 15.396 GC heap before
{Heap before GC invocations=16 (full 4):
 PSYoungGen      total 864768K, used 10231K [0x000000076ae00000, 0x00000007a9380000, 0x00000007c0000000)
  eden space 794112K, 0% used [0x000000076ae00000,0x000000076ae00000,0x000000079b580000)
  from space 70656K, 14% used [0x000000079fa00000,0x00000007a03fde88,0x00000007a3f00000)
  to   space 70144K, 0% used [0x000000079b580000,0x000000079b580000,0x000000079fa00000)
 ParOldGen       total 218624K, used 110848K [0x00000006c0a00000, 0x00000006cdf80000, 0x000000076ae00000)
  object space 218624K, 50% used [0x00000006c0a00000,0x00000006c7640188,0x00000006cdf80000)
 Metaspace       used 90399K, capacity 98192K, committed 98380K, reserved 1134592K
  class space    used 11663K, capacity 13911K, committed 13940K, reserved 1048576K
Event: 15.497 GC heap after
Heap after GC invocations=16 (full 4):
 PSYoungGen      total 864768K, used 0K [0x000000076ae00000, 0x00000007a9380000, 0x00000007c0000000)
  eden space 794112K, 0% used [0x000000076ae00000,0x000000076ae00000,0x000000079b580000)
  from space 70656K, 0% used [0x000000079fa00000,0x000000079fa00000,0x00000007a3f00000)
  to   space 70144K, 0% used [0x000000079b580000,0x000000079b580000,0x000000079fa00000)
 ParOldGen       total 218624K, used 63567K [0x00000006c0a00000, 0x00000006cdf80000, 0x000000076ae00000)
  object space 218624K, 29% used [0x00000006c0a00000,0x00000006c4813e48,0x00000006cdf80000)
 Metaspace       used 90341K, capacity 98078K, committed 98380K, reserved 1134592K
  class space    used 11651K, capacity 13890K, committed 13940K, reserved 1048576K
}

