# JRE version: Java(TM) SE Runtime Environment (8.0_131-b11) (build 1.8.0_131-b11)
# Java VM: Java HotSpot(TM) 64-Bit Server VM (25.131-b11 mixed mode windows-amd64 compressed oops)
Heap:
 PSYoungGen      total 141824K, used 134194K [0x000000076ae00000, 0x000000077ee00000, 0x00000007c0000000)
  eden space 131072K, 94% used [0x000000076ae00000,0x00000007726938b0,0x0000000772e00000)
  from space 10752K, 99% used [0x0000000772e00000,0x0000000773879160,0x0000000773880000)
  to   space 32768K, 0% used [0x000000077ce00000,0x000000077ce00000,0x000000077ee00000)
 ParOldGen       total 175104K, used 38059K [0x00000006c0a00000, 0x00000006cb500000, 0x000000076ae00000)
  object space 175104K, 21% used [0x00000006c0a00000,0x00000006c2f2af50,0x00000006cb500000)
 Metaspace       used 13436K, capacity 13802K, committed 14080K, reserved 1060864K
  class space    used 1582K, capacity 1675K, committed 1792K, reserved 1048576K
GC Heap History (10 events):
Event: 1.750 GC heap before
{Heap before GC invocations=1 (full 0):
 PSYoungGen      total 76288K, used 65536K [0x000000076ae00000, 0x0000000770300000, 0x00000007c0000000)
  eden space 65536K, 100% used [0x000000076ae00000,0x000000076ee00000,0x000000076ee00000)
  from space 10752K, 0% used [0x000000076f880000,0x000000076f880000,0x0000000770300000)
  to   space 10752K, 0% used [0x000000076ee00000,0x000000076ee00000,0x000000076f880000)
 ParOldGen       total 175104K, used 0K [0x00000006c0a00000, 0x00000006cb500000, 0x000000076ae00000)
  object space 175104K, 0% used [0x00000006c0a00000,0x00000006c0a00000,0x00000006cb500000)
 Metaspace       used 9980K, capacity 10246K, committed 10496K, reserved 1058816K
  class space    used 1140K, capacity 1245K, committed 1280K, reserved 1048576K
Event: 1.758 GC heap after
Heap after GC invocations=1 (full 0):
 PSYoungGen      total 76288K, used 6753K [0x000000076ae00000, 0x0000000770300000, 0x00000007c0000000)
  eden space 65536K, 0% used [0x000000076ae00000,0x000000076ae00000,0x000000076ee00000)
  from space 10752K, 62% used [0x000000076ee00000,0x000000076f4986e0,0x000000076f880000)
  to   space 10752K, 0% used [0x000000076f880000,0x000000076f880000,0x0000000770300000)
 ParOldGen       total 175104K, used 16K [0x00000006c0a00000, 0x00000006cb500000, 0x000000076ae00000)
  object space 175104K, 0% used [0x00000006c0a00000,0x00000006c0a04000,0x00000006cb500000)
 Metaspace       used 9980K, capacity 10246K, committed 10496K, reserved 1058816K
  class space    used 1140K, capacity 1245K, committed 1280K, reserved 1048576K
}
Event: 2.511 GC heap before
{Heap before GC invocations=2 (full 0):
 PSYoungGen      total 76288K, used 72289K [0x000000076ae00000, 0x0000000770300000, 0x00000007c0000000)
  eden space 65536K, 100% used [0x000000076ae00000,0x000000076ee00000,0x000000076ee00000)
  from space 10752K, 62% used [0x000000076ee00000,0x000000076f4986e0,0x000000076f880000)
  to   space 10752K, 0% used [0x000000076f880000,0x000000076f880000,0x0000000770300000)
 ParOldGen       total 175104K, used 16K [0x00000006c0a00000, 0x00000006cb500000, 0x000000076ae00000)
  object space 175104K, 0% used [0x00000006c0a00000,0x00000006c0a04000,0x00000006cb500000)
 Metaspace       used 13364K, capacity 13714K, committed 14080K, reserved 1060864K
  class space    used 1574K, capacity 1671K, committed 1792K, reserved 1048576K
Event: 2.531 GC heap after
Heap after GC invocations=2 (full 0):
 PSYoungGen      total 76288K, used 10746K [0x000000076ae00000, 0x0000000774300000, 0x00000007c0000000)
  eden space 65536K, 0% used [0x000000076ae00000,0x000000076ae00000,0x000000076ee00000)
  from space 10752K, 99% used [0x000000076f880000,0x00000007702fe830,0x0000000770300000)
  to   space 10752K, 0% used [0x000000076ee00000,0x000000076ee00000,0x000000076f880000)
 ParOldGen       total 175104K, used 3657K [0x00000006c0a00000, 0x00000006cb500000, 0x000000076ae00000)
  object space 175104K, 2% used [0x00000006c0a00000,0x00000006c0d92470,0x00000006cb500000)
 Metaspace       used 13364K, capacity 13714K, committed 14080K, reserved 1060864K
  class space    used 1574K, capacity 1671K, committed 1792K, reserved 1048576K
}
Event: 2.880 GC heap before
{Heap before GC invocations=3 (full 0):
 PSYoungGen      total 76288K, used 76282K [0x000000076ae00000, 0x0000000774300000, 0x00000007c0000000)
  eden space 65536K, 100% used [0x000000076ae00000,0x000000076ee00000,0x000000076ee00000)
  from space 10752K, 99% used [0x000000076f880000,0x00000007702fe830,0x0000000770300000)
  to   space 10752K, 0% used [0x000000076ee00000,0x000000076ee00000,0x000000076f880000)
 ParOldGen       total 175104K, used 3657K [0x00000006c0a00000, 0x00000006cb500000, 0x000000076ae00000)
  object space 175104K, 2% used [0x00000006c0a00000,0x00000006c0d92470,0x00000006cb500000)
 Metaspace       used 13393K, capacity 13714K, committed 14080K, reserved 1060864K
  class space    used 1576K, capacity 1671K, committed 1792K, reserved 1048576K
Event: 2.948 GC heap after
Heap after GC invocations=3 (full 0):
 PSYoungGen      total 76288K, used 10722K [0x000000076ae00000, 0x0000000774300000, 0x00000007c0000000)
  eden space 65536K, 0% used [0x000000076ae00000,0x000000076ae00000,0x000000076ee00000)
  from space 10752K, 99% used [0x000000076ee00000,0x000000076f878828,0x000000076f880000)
  to   space 10752K, 0% used [0x0000000773880000,0x0000000773880000,0x0000000774300000)
 ParOldGen       total 175104K, used 11385K [0x00000006c0a00000, 0x00000006cb500000, 0x000000076ae00000)
  object space 175104K, 6% used [0x00000006c0a00000,0x00000006c151e750,0x00000006cb500000)
 Metaspace       used 13393K, capacity 13714K, committed 14080K, reserved 1060864K
  class space    used 1576K, capacity 1671K, committed 1792K, reserved 1048576K
}
Event: 3.284 GC heap before
{Heap before GC invocations=4 (full 0):
 PSYoungGen      total 76288K, used 76258K [0x000000076ae00000, 0x0000000774300000, 0x00000007c0000000)
  eden space 65536K, 100% used [0x000000076ae00000,0x000000076ee00000,0x000000076ee00000)
  from space 10752K, 99% used [0x000000076ee00000,0x000000076f878828,0x000000076f880000)
  to   space 10752K, 0% used [0x0000000773880000,0x0000000773880000,0x0000000774300000)
 ParOldGen       total 175104K, used 11385K [0x00000006c0a00000, 0x00000006cb500000, 0x000000076ae00000)
  object space 175104K, 6% used [0x00000006c0a00000,0x00000006c151e750,0x00000006cb500000)
 Metaspace       used 13418K, capacity 13802K, committed 14080K, reserved 1060864K
  class space    used 1578K, capacity 1675K, committed 1792K, reserved 1048576K
Event: 3.336 GC heap after
Heap after GC invocations=4 (full 0):
 PSYoungGen      total 141824K, used 10731K [0x000000076ae00000, 0x0000000774300000, 0x00000007c0000000)
  eden space 131072K, 0% used [0x000000076ae00000,0x000000076ae00000,0x0000000772e00000)
  from space 10752K, 99% used [0x0000000773880000,0x00000007742fad00,0x0000000774300000)
  to   space 10752K, 0% used [0x0000000772e00000,0x0000000772e00000,0x0000000773880000)
 ParOldGen       total 175104K, used 21017K [0x00000006c0a00000, 0x00000006cb500000, 0x000000076ae00000)
  object space 175104K, 12% used [0x00000006c0a00000,0x00000006c1e86590,0x00000006cb500000)
 Metaspace       used 13418K, capacity 13802K, committed 14080K, reserved 1060864K
  class space    used 1578K, capacity 1675K, committed 1792K, reserved 1048576K
}
Event: 4.127 GC heap before
{Heap before GC invocations=5 (full 0):
 PSYoungGen      total 141824K, used 141803K [0x000000076ae00000, 0x0000000774300000, 0x00000007c0000000)
  eden space 131072K, 100% used [0x000000076ae00000,0x0000000772e00000,0x0000000772e00000)
  from space 10752K, 99% used [0x0000000773880000,0x00000007742fad00,0x0000000774300000)
  to   space 10752K, 0% used [0x0000000772e00000,0x0000000772e00000,0x0000000773880000)
 ParOldGen       total 175104K, used 21017K [0x00000006c0a00000, 0x00000006cb500000, 0x000000076ae00000)
  object space 175104K, 12% used [0x00000006c0a00000,0x00000006c1e86590,0x00000006cb500000)
 Metaspace       used 13420K, capacity 13802K, committed 14080K, reserved 1060864K
  class space    used 1579K, capacity 1675K, committed 1792K, reserved 1048576K
Event: 4.176 GC heap after
Heap after GC invocations=5 (full 0):
 PSYoungGen      total 141824K, used 10724K [0x000000076ae00000, 0x000000077ee00000, 0x00000007c0000000)
  eden space 131072K, 0% used [0x000000076ae00000,0x000000076ae00000,0x0000000772e00000)
  from space 10752K, 99% used [0x0000000772e00000,0x0000000773879160,0x0000000773880000)
  to   space 32768K, 0% used [0x000000077ce00000,0x000000077ce00000,0x000000077ee00000)
 ParOldGen       total 175104K, used 38059K [0x00000006c0a00000, 0x00000006cb500000, 0x000000076ae00000)
  object space 175104K, 21% used [0x00000006c0a00000,0x00000006c2f2af50,0x00000006cb500000)
 Metaspace       used 13420K, capacity 13802K, committed 14080K, reserved 1060864K
  class space    used 1579K, capacity 1675K, committed 1792K, reserved 1048576K
}

